<?xml version="1.0" encoding="UTF-8"?>
<!-- Generated by org.testng.reporters.JUnitXMLReporter -->
<testsuite ignored="0" hostname="CO-IT004492" failures="0" tests="3" name="Surefire test" time="6.498" errors="0" timestamp="2024-02-22T12:11:46 COT">
  <testcase classname="tests.LogoutTest" name="logout" time="0.004"/>
  <testcase classname="tests.PurchaseProductTest" name="purchaseProduct" time="6.431"/>
  <testcase classname="tests.RemovingElementsTest" name="removeElements" time="0.001"/>
</testsuite> <!-- Surefire test -->
