<?xml version="1.0" encoding="UTF-8"?>
<testng-results ignored="0" total="3" passed="3" failed="0" skipped="0">
  <reporter-output>
  </reporter-output>
  <suite started-at="2024-02-22T12:11:39 COT" name="Surefire suite" finished-at="2024-02-22T12:11:46 COT" duration-ms="6498">
    <groups>
    </groups>
    <test started-at="2024-02-22T12:11:39 COT" name="Surefire test" finished-at="2024-02-22T12:11:46 COT" duration-ms="6498">
      <class name="tests.PurchaseProductTest">
        <test-method signature="purchaseProduct()[pri:0, instance:tests.PurchaseProductTest@6b6776cb]" started-at="2024-02-22T12:11:39 COT" name="purchaseProduct" finished-at="2024-02-22T12:11:46 COT" duration-ms="6431" status="PASS">
          <reporter-output>
          </reporter-output>
        </test-method> <!-- purchaseProduct -->
      </class> <!-- tests.PurchaseProductTest -->
      <class name="tests.RemovingElementsTest">
        <test-method signature="removeElements()[pri:0, instance:tests.RemovingElementsTest@1863d2fe]" started-at="2024-02-22T12:11:46 COT" name="removeElements" finished-at="2024-02-22T12:11:46 COT" duration-ms="1" status="PASS">
          <reporter-output>
          </reporter-output>
        </test-method> <!-- removeElements -->
      </class> <!-- tests.RemovingElementsTest -->
      <class name="tests.LogoutTest">
        <test-method signature="logout()[pri:0, instance:tests.LogoutTest@766653e6]" started-at="2024-02-22T12:11:39 COT" name="logout" finished-at="2024-02-22T12:11:39 COT" duration-ms="4" status="PASS">
          <reporter-output>
          </reporter-output>
        </test-method> <!-- logout -->
      </class> <!-- tests.LogoutTest -->
    </test> <!-- Surefire test -->
  </suite> <!-- Surefire suite -->
</testng-results>
